This file contains any messages produced by compilers while
running configure, to aid debugging if configure makes a mistake.

It was created by configure, which was
generated by GNU Autoconf 2.69.  Invocation command line was

  $ ./configure 

## --------- ##
## Platform. ##
## --------- ##

hostname = jlp-dell-debian
uname -m = x86_64
uname -r = 4.19.0-5-amd64
uname -s = Linux
uname -v = #1 SMP Debian 4.19.37-5+deb10u2 (2019-08-08)

/usr/bin/uname -p = unknown
/bin/uname -X     = unknown

/bin/arch              = x86_64
/usr/bin/arch -k       = unknown
/usr/convex/getsysinfo = unknown
/usr/bin/hostinfo      = unknown
/bin/machine           = unknown
/usr/bin/oslevel       = unknown
/bin/universe          = unknown

PATH: /usr/local/bin
PATH: /usr/bin
PATH: /bin
PATH: /usr/local/games
PATH: /usr/games
PATH: /opt/netbeans/bin/
PATH: /home/build/execlnx/
PATH: /home/jprieur/jlp/jlpbash/
PATH: /opt/spark/bin
PATH: /opt/spark/sbin
PATH: .


## ----------- ##
## Core tests. ##
## ----------- ##

configure:2178: checking build system type
configure:2192: result: x86_64-pc-linux-gnu
configure:2212: checking host system type
configure:2225: result: x86_64-pc-linux-gnu
configure:2245: checking target system type
configure:2258: result: x86_64-pc-linux-gnu
configure:2398: checking for gcc
configure:2414: found /usr/bin/gcc
configure:2425: result: gcc
configure:2654: checking for C compiler version
configure:2663: gcc --version >&5
gcc (Debian 8.3.0-6) 8.3.0
Copyright (C) 2018 Free Software Foundation, Inc.
This is free software; see the source for copying conditions.  There is NO
warranty; not even for MERCHANTABILITY or FITNESS FOR A PARTICULAR PURPOSE.

configure:2674: $? = 0
configure:2663: gcc -v >&5
Using built-in specs.
COLLECT_GCC=gcc
COLLECT_LTO_WRAPPER=/usr/lib/gcc/x86_64-linux-gnu/8/lto-wrapper
OFFLOAD_TARGET_NAMES=nvptx-none
OFFLOAD_TARGET_DEFAULT=1
Target: x86_64-linux-gnu
Configured with: ../src/configure -v --with-pkgversion='Debian 8.3.0-6' --with-bugurl=file:///usr/share/doc/gcc-8/README.Bugs --enable-languages=c,ada,c++,go,brig,d,fortran,objc,obj-c++ --prefix=/usr --with-gcc-major-version-only --program-suffix=-8 --program-prefix=x86_64-linux-gnu- --enable-shared --enable-linker-build-id --libexecdir=/usr/lib --without-included-gettext --enable-threads=posix --libdir=/usr/lib --enable-nls --enable-bootstrap --enable-clocale=gnu --enable-libstdcxx-debug --enable-libstdcxx-time=yes --with-default-libstdcxx-abi=new --enable-gnu-unique-object --disable-vtable-verify --enable-libmpx --enable-plugin --enable-default-pie --with-system-zlib --with-target-system-zlib --enable-objc-gc=auto --enable-multiarch --disable-werror --with-arch-32=i686 --with-abi=m64 --with-multilib-list=m32,m64,mx32 --enable-multilib --with-tune=generic --enable-offload-targets=nvptx-none --without-cuda-driver --enable-checking=release --build=x86_64-linux-gnu --host=x86_64-linux-gnu --target=x86_64-linux-gnu
Thread model: posix
gcc version 8.3.0 (Debian 8.3.0-6) 
configure:2674: $? = 0
configure:2663: gcc -V >&5
gcc: error: unrecognized command line option '-V'
gcc: fatal error: no input files
compilation terminated.
configure:2674: $? = 1
configure:2663: gcc -qversion >&5
gcc: error: unrecognized command line option '-qversion'; did you mean '--version'?
gcc: fatal error: no input files
compilation terminated.
configure:2674: $? = 1
configure:2694: checking whether the C compiler works
configure:2716: gcc    conftest.c  >&5
configure:2720: $? = 0
configure:2768: result: yes
configure:2771: checking for C compiler default output file name
configure:2773: result: a.out
configure:2779: checking for suffix of executables
configure:2786: gcc -o conftest    conftest.c  >&5
configure:2790: $? = 0
configure:2812: result: 
configure:2834: checking whether we are cross compiling
configure:2842: gcc -o conftest    conftest.c  >&5
configure:2846: $? = 0
configure:2853: ./conftest
configure:2857: $? = 0
configure:2845: result: no
configure:2850: checking for suffix of object files
configure:2872: gcc -c   conftest.c >&5
configure:2876: $? = 0
configure:2897: result: o
configure:2901: checking whether we are using the GNU C compiler
configure:2920: gcc -c   conftest.c >&5
configure:2920: $? = 0
configure:2929: result: yes
configure:2938: checking whether gcc accepts -g
configure:2958: gcc -c -g  conftest.c >&5
configure:2958: $? = 0
configure:2999: result: yes
configure:3016: checking for gcc option to accept ISO C89
configure:3079: gcc  -c -g -O2  conftest.c >&5
configure:3079: $? = 0
configure:3092: result: none needed
configure:3118: checking how to run the C preprocessor
configure:3149: gcc -E  conftest.c
configure:3149: $? = 0
configure:3163: gcc -E  conftest.c
conftest.c:9:10: fatal error: ac_nonexistent.h: No such file or directory
 #include <ac_nonexistent.h>
          ^~~~~~~~~~~~~~~~~~
compilation terminated.
configure:3163: $? = 1
configure: failed program was:
| /* confdefs.h */
| #define PACKAGE_NAME ""
| #define PACKAGE_TARNAME ""
| #define PACKAGE_VERSION ""
| #define PACKAGE_STRING ""
| #define PACKAGE_BUGREPORT ""
| #define PACKAGE_URL ""
| /* end confdefs.h.  */
| #include <ac_nonexistent.h>
configure:3188: result: gcc -E
configure:3208: gcc -E  conftest.c
configure:3208: $? = 0
configure:3222: gcc -E  conftest.c
conftest.c:9:10: fatal error: ac_nonexistent.h: No such file or directory
 #include <ac_nonexistent.h>
          ^~~~~~~~~~~~~~~~~~
compilation terminated.
configure:3222: $? = 1
configure: failed program was:
| /* confdefs.h */
| #define PACKAGE_NAME ""
| #define PACKAGE_TARNAME ""
| #define PACKAGE_VERSION ""
| #define PACKAGE_STRING ""
| #define PACKAGE_BUGREPORT ""
| #define PACKAGE_URL ""
| /* end confdefs.h.  */
| #include <ac_nonexistent.h>
configure:3251: checking for grep that handles long lines and -e
configure:3309: result: /usr/bin/grep
configure:3314: checking for egrep
configure:3376: result: /usr/bin/grep -E
configure:3381: checking for ANSI C header files
configure:3401: gcc -c -g -O2  conftest.c >&5
configure:3401: $? = 0
configure:3474: gcc -o conftest -g -O2   conftest.c  >&5
configure:3474: $? = 0
configure:3474: ./conftest
configure:3474: $? = 0
configure:3485: result: yes
configure:3498: checking for sys/types.h
configure:3498: gcc -c -g -O2  conftest.c >&5
configure:3498: $? = 0
configure:3498: result: yes
configure:3498: checking for sys/stat.h
configure:3498: gcc -c -g -O2  conftest.c >&5
configure:3498: $? = 0
configure:3498: result: yes
configure:3498: checking for stdlib.h
configure:3498: gcc -c -g -O2  conftest.c >&5
configure:3498: $? = 0
configure:3498: result: yes
configure:3498: checking for string.h
configure:3498: gcc -c -g -O2  conftest.c >&5
configure:3498: $? = 0
configure:3498: result: yes
configure:3498: checking for memory.h
configure:3498: gcc -c -g -O2  conftest.c >&5
configure:3498: $? = 0
configure:3498: result: yes
configure:3498: checking for strings.h
configure:3498: gcc -c -g -O2  conftest.c >&5
configure:3498: $? = 0
configure:3498: result: yes
configure:3498: checking for inttypes.h
configure:3498: gcc -c -g -O2  conftest.c >&5
configure:3498: $? = 0
configure:3498: result: yes
configure:3498: checking for stdint.h
configure:3498: gcc -c -g -O2  conftest.c >&5
configure:3498: $? = 0
configure:3498: result: yes
configure:3498: checking for unistd.h
configure:3498: gcc -c -g -O2  conftest.c >&5
configure:3498: $? = 0
configure:3498: result: yes
configure:3787: checking for gcc
configure:3814: result: gcc
configure:4043: checking for C compiler version
configure:4052: gcc --version >&5
gcc (Debian 8.3.0-6) 8.3.0
Copyright (C) 2018 Free Software Foundation, Inc.
This is free software; see the source for copying conditions.  There is NO
warranty; not even for MERCHANTABILITY or FITNESS FOR A PARTICULAR PURPOSE.

configure:4063: $? = 0
configure:4052: gcc -v >&5
Using built-in specs.
COLLECT_GCC=gcc
COLLECT_LTO_WRAPPER=/usr/lib/gcc/x86_64-linux-gnu/8/lto-wrapper
OFFLOAD_TARGET_NAMES=nvptx-none
OFFLOAD_TARGET_DEFAULT=1
Target: x86_64-linux-gnu
Configured with: ../src/configure -v --with-pkgversion='Debian 8.3.0-6' --with-bugurl=file:///usr/share/doc/gcc-8/README.Bugs --enable-languages=c,ada,c++,go,brig,d,fortran,objc,obj-c++ --prefix=/usr --with-gcc-major-version-only --program-suffix=-8 --program-prefix=x86_64-linux-gnu- --enable-shared --enable-linker-build-id --libexecdir=/usr/lib --without-included-gettext --enable-threads=posix --libdir=/usr/lib --enable-nls --enable-bootstrap --enable-clocale=gnu --enable-libstdcxx-debug --enable-libstdcxx-time=yes --with-default-libstdcxx-abi=new --enable-gnu-unique-object --disable-vtable-verify --enable-libmpx --enable-plugin --enable-default-pie --with-system-zlib --with-target-system-zlib --enable-objc-gc=auto --enable-multiarch --disable-werror --with-arch-32=i686 --with-abi=m64 --with-multilib-list=m32,m64,mx32 --enable-multilib --with-tune=generic --enable-offload-targets=nvptx-none --without-cuda-driver --enable-checking=release --build=x86_64-linux-gnu --host=x86_64-linux-gnu --target=x86_64-linux-gnu
Thread model: posix
gcc version 8.3.0 (Debian 8.3.0-6) 
configure:4063: $? = 0
configure:4052: gcc -V >&5
gcc: error: unrecognized command line option '-V'
gcc: fatal error: no input files
compilation terminated.
configure:4063: $? = 1
configure:4052: gcc -qversion >&5
gcc: error: unrecognized command line option '-qversion'; did you mean '--version'?
gcc: fatal error: no input files
compilation terminated.
configure:4063: $? = 1
configure:4067: checking whether we are using the GNU C compiler
configure:4095: result: yes
configure:4104: checking whether gcc accepts -g
configure:4165: result: yes
configure:4182: checking for gcc option to accept ISO C89
configure:4258: result: none needed
configure:4293: checking for gfortran
configure:4309: found /usr/bin/gfortran
configure:4320: result: gfortran
configure:4365: checking for ar
configure:4381: found /usr/bin/ar
configure:4393: result: ar
configure:4450: checking for ranlib
configure:4466: found /usr/bin/ranlib
configure:4477: result: ranlib
configure:4503: checking for stdlib.h
configure:4503: result: yes
configure:4503: checking for string.h
configure:4503: result: yes
configure:4503: checking math.h usability
configure:4503: gcc -c -g -O2  conftest.c >&5
configure:4503: $? = 0
configure:4503: result: yes
configure:4503: checking math.h presence
configure:4503: gcc -E  conftest.c
configure:4503: $? = 0
configure:4503: result: yes
configure:4503: checking for math.h
configure:4503: result: yes
configure:4503: checking limits.h usability
configure:4503: gcc -c -g -O2  conftest.c >&5
configure:4503: $? = 0
configure:4503: result: yes
configure:4503: checking limits.h presence
configure:4503: gcc -E  conftest.c
configure:4503: $? = 0
configure:4503: result: yes
configure:4503: checking for limits.h
configure:4503: result: yes
configure:4526: gcc -c -g -O2  conftest.c >&5
configure:4526: $? = 0
configure:4866: checking for curl-config
configure:4896: result: no
configure:4924: WARNING: curl-config not found. Disabling curl support.
configure:4935: checking for inflateEnd in -lz
configure:4960: gcc -o conftest -g -O2 -Dg77Fortran -fPIC  -g -O2 conftest.c -lz   >&5
configure:4960: $? = 0
configure:4969: result: yes
configure:5000: checking whether ftruncate works
configure:5016: gcc -o conftest -g -O2 -Dg77Fortran -fPIC  -g -O2 conftest.c -lz  >&5
configure:5016: $? = 0
configure:5020: result: yes
configure:5034: checking whether long long is defined
configure:5050: gcc -c -g -O2 -Dg77Fortran -fPIC  conftest.c >&5
configure:5050: $? = 0
configure:5054: result: yes
configure:5075: checking whether system V style IPC services are supported
configure:5096: gcc -o conftest -g -O2 -Dg77Fortran -fPIC  -g -O2 conftest.c -lz  >&5
configure:5096: $? = 0
configure:5101: result: yes
configure:5117: checking whether flock_t is defined in sys/fcntl.h
configure:5133: gcc -c -g -O2 -Dg77Fortran -fPIC  conftest.c >&5
conftest.c: In function 'main':
conftest.c:35:1: error: unknown type name 'flock_t'; did you mean 'float'?
 flock_t filler;
 ^~~~~~~
 float
configure:5133: $? = 1
configure: failed program was:
| /* confdefs.h */
| #define PACKAGE_NAME ""
| #define PACKAGE_TARNAME ""
| #define PACKAGE_VERSION ""
| #define PACKAGE_STRING ""
| #define PACKAGE_BUGREPORT ""
| #define PACKAGE_URL ""
| #define STDC_HEADERS 1
| #define HAVE_SYS_TYPES_H 1
| #define HAVE_SYS_STAT_H 1
| #define HAVE_STDLIB_H 1
| #define HAVE_STRING_H 1
| #define HAVE_MEMORY_H 1
| #define HAVE_STRINGS_H 1
| #define HAVE_INTTYPES_H 1
| #define HAVE_STDINT_H 1
| #define HAVE_UNISTD_H 1
| #define HAVE_STDLIB_H 1
| #define HAVE_STRING_H 1
| #define HAVE_MATH_H 1
| #define HAVE_LIMITS_H 1
| #define _LARGEFILE_SOURCE 1
| #define _FILE_OFFSET_BITS 64
| #define HAVE_LIBZ 1
| #define HAVE_FTRUNCATE 1
| #define HAVE_LONGLONG 1
| #define HAVE_SHMEM_SERVICES 1
| /* end confdefs.h.  */
| #include <sys/fcntl.h>
| 
| int
| main ()
| {
| 
| flock_t filler;
| 
|   ;
|   return 0;
| }
configure:5141: result: no
configure:5147: checking whether flock_t is defined in sys/flock.h
configure:5163: gcc -c -g -O2 -Dg77Fortran -fPIC  conftest.c >&5
conftest.c:29:10: fatal error: sys/flock.h: No such file or directory
 #include <sys/flock.h>
          ^~~~~~~~~~~~~
compilation terminated.
configure:5163: $? = 1
configure: failed program was:
| /* confdefs.h */
| #define PACKAGE_NAME ""
| #define PACKAGE_TARNAME ""
| #define PACKAGE_VERSION ""
| #define PACKAGE_STRING ""
| #define PACKAGE_BUGREPORT ""
| #define PACKAGE_URL ""
| #define STDC_HEADERS 1
| #define HAVE_SYS_TYPES_H 1
| #define HAVE_SYS_STAT_H 1
| #define HAVE_STDLIB_H 1
| #define HAVE_STRING_H 1
| #define HAVE_MEMORY_H 1
| #define HAVE_STRINGS_H 1
| #define HAVE_INTTYPES_H 1
| #define HAVE_STDINT_H 1
| #define HAVE_UNISTD_H 1
| #define HAVE_STDLIB_H 1
| #define HAVE_STRING_H 1
| #define HAVE_MATH_H 1
| #define HAVE_LIMITS_H 1
| #define _LARGEFILE_SOURCE 1
| #define _FILE_OFFSET_BITS 64
| #define HAVE_LIBZ 1
| #define HAVE_FTRUNCATE 1
| #define HAVE_LONGLONG 1
| #define HAVE_SHMEM_SERVICES 1
| /* end confdefs.h.  */
| #include <sys/flock.h>
| 
| int
| main ()
| {
| 
|    flock_t filler;
| 
|   ;
|   return 0;
| }
configure:5171: result: no
configure:5239: checking whether union semun is defined
configure:5257: gcc -c -g -O2 -Dg77Fortran -fPIC  conftest.c >&5
conftest.c: In function 'main':
conftest.c:37:13: error: storage size of 'filler' isn't known
 union semun filler;
             ^~~~~~
configure:5257: $? = 1
configure: failed program was:
| /* confdefs.h */
| #define PACKAGE_NAME ""
| #define PACKAGE_TARNAME ""
| #define PACKAGE_VERSION ""
| #define PACKAGE_STRING ""
| #define PACKAGE_BUGREPORT ""
| #define PACKAGE_URL ""
| #define STDC_HEADERS 1
| #define HAVE_SYS_TYPES_H 1
| #define HAVE_SYS_STAT_H 1
| #define HAVE_STDLIB_H 1
| #define HAVE_STRING_H 1
| #define HAVE_MEMORY_H 1
| #define HAVE_STRINGS_H 1
| #define HAVE_INTTYPES_H 1
| #define HAVE_STDINT_H 1
| #define HAVE_UNISTD_H 1
| #define HAVE_STDLIB_H 1
| #define HAVE_STRING_H 1
| #define HAVE_MATH_H 1
| #define HAVE_LIMITS_H 1
| #define _LARGEFILE_SOURCE 1
| #define _FILE_OFFSET_BITS 64
| #define HAVE_LIBZ 1
| #define HAVE_FTRUNCATE 1
| #define HAVE_LONGLONG 1
| #define HAVE_SHMEM_SERVICES 1
| /* end confdefs.h.  */
| #include <sys/ipc.h>
| #include <sys/shm.h>
| #include <sys/sem.h>
| 
| int
| main ()
| {
| 
| union semun filler;
| 
|   ;
|   return 0;
| }
configure:5265: result: no
configure:5274: checking for fmemopen
configure:5274: gcc -o conftest -g -O2 -Dg77Fortran -fPIC  -g -O2 conftest.c -lz  >&5
configure:5274: $? = 0
configure:5274: result: yes
configure:5287: checking for library containing gethostbyname
configure:5318: gcc -o conftest -g -O2 -Dg77Fortran -fPIC  -g -O2 conftest.c -lz  >&5
configure:5318: $? = 0
configure:5335: result: none required
configure:5345: checking for library containing connect
configure:5376: gcc -o conftest -g -O2 -Dg77Fortran -fPIC  -g -O2 conftest.c -lz  >&5
configure:5376: $? = 0
configure:5393: result: none required
configure:5555: creating ./config.status

## ---------------------- ##
## Running config.status. ##
## ---------------------- ##

This file was extended by config.status, which was
generated by GNU Autoconf 2.69.  Invocation command line was

  CONFIG_FILES    = 
  CONFIG_HEADERS  = 
  CONFIG_LINKS    = 
  CONFIG_COMMANDS = 
  $ ./config.status 

on jlp-dell-debian

config.status:755: creating Makefile
configure:6704: creating ./config.status

## ---------------------- ##
## Running config.status. ##
## ---------------------- ##

This file was extended by config.status, which was
generated by GNU Autoconf 2.69.  Invocation command line was

  CONFIG_FILES    = 
  CONFIG_HEADERS  = 
  CONFIG_LINKS    = 
  CONFIG_COMMANDS = 
  $ ./config.status 

on jlp-dell-debian

config.status:756: creating Makefile
config.status:756: creating cfitsio.pc
configure:7712: result: 
configure:7714: result:     Congratulations, Makefile update was successful.
configure:7716: result:     You may want to run "make" now.
configure:7718: result: 

## ---------------- ##
## Cache variables. ##
## ---------------- ##

ac_cv_build=x86_64-pc-linux-gnu
ac_cv_c_compiler_gnu=yes
ac_cv_env_CC_set=
ac_cv_env_CC_value=
ac_cv_env_CFLAGS_set=
ac_cv_env_CFLAGS_value=
ac_cv_env_CPPFLAGS_set=
ac_cv_env_CPPFLAGS_value=
ac_cv_env_CPP_set=
ac_cv_env_CPP_value=
ac_cv_env_LDFLAGS_set=
ac_cv_env_LDFLAGS_value=
ac_cv_env_LIBS_set=
ac_cv_env_LIBS_value=
ac_cv_env_build_alias_set=
ac_cv_env_build_alias_value=
ac_cv_env_host_alias_set=
ac_cv_env_host_alias_value=
ac_cv_env_target_alias_set=
ac_cv_env_target_alias_value=
ac_cv_func_fmemopen=yes
ac_cv_header_inttypes_h=yes
ac_cv_header_limits_h=yes
ac_cv_header_math_h=yes
ac_cv_header_memory_h=yes
ac_cv_header_stdc=yes
ac_cv_header_stdint_h=yes
ac_cv_header_stdlib_h=yes
ac_cv_header_string_h=yes
ac_cv_header_strings_h=yes
ac_cv_header_sys_stat_h=yes
ac_cv_header_sys_types_h=yes
ac_cv_header_unistd_h=yes
ac_cv_host=x86_64-pc-linux-gnu
ac_cv_lib_z_inflateEnd=yes
ac_cv_objext=o
ac_cv_path_EGREP='/usr/bin/grep -E'
ac_cv_path_GREP=/usr/bin/grep
ac_cv_prog_AR=ar
ac_cv_prog_CPP='gcc -E'
ac_cv_prog_FC=gfortran
ac_cv_prog_ac_ct_CC=gcc
ac_cv_prog_ac_ct_RANLIB=ranlib
ac_cv_prog_cc_c89=
ac_cv_prog_cc_g=yes
ac_cv_search_connect='none required'
ac_cv_search_gethostbyname='none required'
ac_cv_target=x86_64-pc-linux-gnu

## ----------------- ##
## Output variables. ##
## ----------------- ##

AR='ar'
ARCH='linux'
ARCHIVE='ar rv'
CC='gcc'
CFITSIO_MAJOR='4'
CFITSIO_MICRO='0'
CFITSIO_MINOR='0'
CFITSIO_SHLIB='lib${PACKAGE}${SHLIB_SUFFIX}.${CFITSIO_SONAME}.${CFITSIO_MAJOR}.${CFITSIO_MINOR}.${CFITSIO_MICRO}'
CFITSIO_SHLIB_SONAME='lib${PACKAGE}${SHLIB_SUFFIX}.${CFITSIO_SONAME}'
CFITSIO_SONAME='9'
CFLAGS='-g -O2 -Dg77Fortran -fPIC'
CPP='gcc -E'
CPPFLAGS=''
CURLCONFIG=''
DEFS='-DPACKAGE_NAME=\"\" -DPACKAGE_TARNAME=\"\" -DPACKAGE_VERSION=\"\" -DPACKAGE_STRING=\"\" -DPACKAGE_BUGREPORT=\"\" -DPACKAGE_URL=\"\" -DSTDC_HEADERS=1 -DHAVE_SYS_TYPES_H=1 -DHAVE_SYS_STAT_H=1 -DHAVE_STDLIB_H=1 -DHAVE_STRING_H=1 -DHAVE_MEMORY_H=1 -DHAVE_STRINGS_H=1 -DHAVE_INTTYPES_H=1 -DHAVE_STDINT_H=1 -DHAVE_UNISTD_H=1 -DHAVE_STDLIB_H=1 -DHAVE_STRING_H=1 -DHAVE_MATH_H=1 -DHAVE_LIMITS_H=1 -D_LARGEFILE_SOURCE=1 -D_FILE_OFFSET_BITS=64 -DHAVE_LIBZ=1 -DHAVE_FTRUNCATE=1 -DHAVE_LONGLONG=1 -DHAVE_SHMEM_SERVICES=1 -DHAVE_FMEMOPEN=1 -DHAVE_NET_SERVICES=1'
ECHO_C=''
ECHO_N='-n'
ECHO_T=''
EGREP='/usr/bin/grep -E'
EXEEXT=''
F77_WRAPPERS='${FITSIO_SRC}'
FC='gfortran'
GCCVERSION='8'
GREP='/usr/bin/grep'
GSIFTP_SRC=''
INSTALL_ROOT='${prefix}'
LDFLAGS='-g -O2'
LDFLAGS_BIN='-g -O2 -Wl,-rpath,${CFITSIO_LIB}'
LIBOBJS=''
LIBPRE=''
LIBS='-lz '
LIBS_CURL=''
LTLIBOBJS=''
OBJEXT='o'
PACKAGE_BUGREPORT=''
PACKAGE_NAME=''
PACKAGE_STRING=''
PACKAGE_TARNAME=''
PACKAGE_URL=''
PACKAGE_VERSION=''
PATH_SEPARATOR=':'
RANLIB='ranlib'
SHELL='/bin/bash'
SHLIB_LD='gcc -shared -Wl,-soname,lib${PACKAGE}${SHLIB_SUFFIX}.${CFITSIO_SONAME}'
SHLIB_SUFFIX='.so'
SSE_FLAGS=''
ac_ct_CC='gcc'
bindir='${exec_prefix}/bin'
build='x86_64-pc-linux-gnu'
build_alias=''
build_cpu='x86_64'
build_os='linux-gnu'
build_vendor='pc'
datadir='${datarootdir}'
datarootdir='${prefix}/share'
docdir='${datarootdir}/doc/${PACKAGE}'
dvidir='${docdir}'
exec_prefix='${prefix}'
host='x86_64-pc-linux-gnu'
host_alias=''
host_cpu='x86_64'
host_os='linux-gnu'
host_vendor='pc'
htmldir='${docdir}'
includedir='${prefix}/include'
infodir='${datarootdir}/info'
libdir='${exec_prefix}/lib'
libexecdir='${exec_prefix}/libexec'
localedir='${datarootdir}/locale'
localstatedir='${prefix}/var'
mandir='${datarootdir}/man'
my_shmem='${SOURCES_SHMEM}'
oldincludedir='/usr/include'
pdfdir='${docdir}'
prefix='/home/jprieur/jlp/src/jlplib/jlp_cfitsio/distrib/cfitsio-4.0.0'
program_transform_name='s,x,x,'
psdir='${docdir}'
sbindir='${exec_prefix}/sbin'
sharedstatedir='${prefix}/com'
sysconfdir='${prefix}/etc'
target='x86_64-pc-linux-gnu'
target_alias=''
target_cpu='x86_64'
target_os='linux-gnu'
target_vendor='pc'

## ----------- ##
## confdefs.h. ##
## ----------- ##

/* confdefs.h */
#define PACKAGE_NAME ""
#define PACKAGE_TARNAME ""
#define PACKAGE_VERSION ""
#define PACKAGE_STRING ""
#define PACKAGE_BUGREPORT ""
#define PACKAGE_URL ""
#define STDC_HEADERS 1
#define HAVE_SYS_TYPES_H 1
#define HAVE_SYS_STAT_H 1
#define HAVE_STDLIB_H 1
#define HAVE_STRING_H 1
#define HAVE_MEMORY_H 1
#define HAVE_STRINGS_H 1
#define HAVE_INTTYPES_H 1
#define HAVE_STDINT_H 1
#define HAVE_UNISTD_H 1
#define HAVE_STDLIB_H 1
#define HAVE_STRING_H 1
#define HAVE_MATH_H 1
#define HAVE_LIMITS_H 1
#define _LARGEFILE_SOURCE 1
#define _FILE_OFFSET_BITS 64
#define HAVE_LIBZ 1
#define HAVE_FTRUNCATE 1
#define HAVE_LONGLONG 1
#define HAVE_SHMEM_SERVICES 1
#define HAVE_FMEMOPEN 1
#define HAVE_NET_SERVICES 1

configure: exit 0
